<?xml version="1.0" encoding="UTF-8"?>
<testsuite xmlns:xsi="http://www.w3.org/2001/XMLSchema-instance" xsi:noNamespaceSchemaLocation="https://maven.apache.org/surefire/maven-surefire-plugin/xsd/surefire-test-report.xsd" name="TestSuite" time="4.103" tests="8" errors="0" skipped="0" failures="0">
  <properties>
[...]
</properties>
  <testcase name="getPostsList" classname="tests.ReqresRegressionTests" time="1.799"/>
  <testcase name="getSinglePost" classname="tests.ReqresRegressionTests" time="0.167"/>
  <testcase name="getCommentsForPost" classname="tests.ReqresRegressionTests" time="0.161"/>
  <testcase name="postNotFound" classname="tests.ReqresRegressionTests" time="0.046"/>
  <testcase name="createPost" classname="tests.ReqresRegressionTests" time="0.292"/>
  <testcase name="updatePost" classname="tests.ReqresRegressionTests" time="0.524"/>
  <testcase name="deletePost" classname="tests.ReqresRegressionTests" time="0.166"/>
  <testcase name="getUsersList" classname="tests.ReqresRegressionTests" time="0.152"/>
</testsuite>