<?xml version="1.0" encoding="UTF-8"?>
<!-- Generated by org.testng.reporters.JUnitReportReporter -->
<testsuite skipped="0" hostname="MAC-NY6RCPV4" name="tests.ReqresRegressionTests" tests="8" failures="0" timestamp="2026-05-12T14:14:15 CEST" time="3.305" errors="0">
  <testcase name="getPostsList" time="1.792" classname="tests.ReqresRegressionTests"/>
  <system-out/>
  <testcase name="getSinglePost" time="0.170" classname="tests.ReqresRegressionTests"/>
  <system-out/>
  <testcase name="getCommentsForPost" time="0.162" classname="tests.ReqresRegressionTests"/>
  <system-out/>
  <testcase name="postNotFound" time="0.046" classname="tests.ReqresRegressionTests"/>
  <system-out/>
  <testcase name="createPost" time="0.292" classname="tests.ReqresRegressionTests"/>
  <system-out/>
  <testcase name="updatePost" time="0.524" classname="tests.ReqresRegressionTests"/>
  <system-out/>
  <testcase name="deletePost" time="0.167" classname="tests.ReqresRegressionTests"/>
  <system-out/>
  <testcase name="getUsersList" time="0.152" classname="tests.ReqresRegressionTests"/>
  <system-out/>
</testsuite> <!-- tests.ReqresRegressionTests -->
